# JRE version: Java(TM) SE Runtime Environment (8.0_201-b09) (build 1.8.0_201-b09)
# Java VM: Java HotSpot(TM) 64-Bit Server VM (25.201-b09 mixed mode linux-amd64 compressed oops)
Heap:
 PSYoungGen      total 219648K, used 219426K [0x00000000d7000000, 0x00000000e5d00000, 0x0000000100000000)
  eden space 202752K, 100% used [0x00000000d7000000,0x00000000e3600000,0x00000000e3600000)
  from space 16896K, 98% used [0x00000000e4c80000,0x00000000e5cc8bd8,0x00000000e5d00000)
  to   space 18944K, 55% used [0x00000000e3800000,0x00000000e4242060,0x00000000e4a80000)
 ParOldGen       total 92160K, used 23618K [0x0000000085000000, 0x000000008aa00000, 0x00000000d7000000)
  object space 92160K, 25% used [0x0000000085000000,0x0000000086710a58,0x000000008aa00000)
 Metaspace       used 53575K, capacity 56256K, committed 56576K, reserved 1097728K
  class space    used 7594K, capacity 8086K, committed 8192K, reserved 1048576K
GC Heap History (10 events):
Event: 3.035 GC heap after
Heap after GC invocations=8 (full 1):
 PSYoungGen      total 131584K, used 8174K [0x00000000d7000000, 0x00000000e2380000, 0x0000000100000000)
  eden space 123392K, 0% used [0x00000000d7000000,0x00000000d7000000,0x00000000de880000)
  from space 8192K, 99% used [0x00000000de880000,0x00000000df07bb30,0x00000000df080000)
  to   space 10752K, 0% used [0x00000000e1900000,0x00000000e1900000,0x00000000e2380000)
 ParOldGen       total 50688K, used 8786K [0x0000000085000000, 0x0000000088180000, 0x00000000d7000000)
  object space 50688K, 17% used [0x0000000085000000,0x00000000858948a8,0x0000000088180000)
 Metaspace       used 25954K, capacity 26980K, committed 27136K, reserved 1073152K
  class space    used 3537K, capacity 3781K, committed 3840K, reserved 1048576K
}
Event: 4.244 GC heap before
{Heap before GC invocations=9 (full 1):
 PSYoungGen      total 131584K, used 131519K [0x00000000d7000000, 0x00000000e2380000, 0x0000000100000000)
  eden space 123392K, 99% used [0x00000000d7000000,0x00000000de874268,0x00000000de880000)
  from space 8192K, 99% used [0x00000000de880000,0x00000000df07bb30,0x00000000df080000)
  to   space 10752K, 0% used [0x00000000e1900000,0x00000000e1900000,0x00000000e2380000)
 ParOldGen       total 50688K, used 8786K [0x0000000085000000, 0x0000000088180000, 0x00000000d7000000)
  object space 50688K, 17% used [0x0000000085000000,0x00000000858948a8,0x0000000088180000)
 Metaspace       used 30812K, capacity 32278K, committed 32384K, reserved 1077248K
  class space    used 4186K, capacity 4470K, committed 4480K, reserved 1048576K
Event: 4.268 GC heap after
Heap after GC invocations=9 (full 1):
 PSYoungGen      total 168960K, used 10721K [0x00000000d7000000, 0x00000000e4700000, 0x0000000100000000)
  eden space 158208K, 0% used [0x00000000d7000000,0x00000000d7000000,0x00000000e0a80000)
  from space 10752K, 99% used [0x00000000e1900000,0x00000000e2378720,0x00000000e2380000)
  to   space 14848K, 0% used [0x00000000e0a80000,0x00000000e0a80000,0x00000000e1900000)
 ParOldGen       total 50688K, used 14767K [0x0000000085000000, 0x0000000088180000, 0x00000000d7000000)
  object space 50688K, 29% used [0x0000000085000000,0x0000000085e6be38,0x0000000088180000)
 Metaspace       used 30812K, capacity 32278K, committed 32384K, reserved 1077248K
  class space    used 4186K, capacity 4470K, committed 4480K, reserved 1048576K
}
Event: 4.934 GC heap before
{Heap before GC invocations=10 (full 1):
 PSYoungGen      total 168960K, used 109145K [0x00000000d7000000, 0x00000000e4700000, 0x0000000100000000)
  eden space 158208K, 62% used [0x00000000d7000000,0x00000000dd01df60,0x00000000e0a80000)
  from space 10752K, 99% used [0x00000000e1900000,0x00000000e2378720,0x00000000e2380000)
  to   space 14848K, 0% used [0x00000000e0a80000,0x00000000e0a80000,0x00000000e1900000)
 ParOldGen       total 50688K, used 14767K [0x0000000085000000, 0x0000000088180000, 0x00000000d7000000)
  object space 50688K, 29% used [0x0000000085000000,0x0000000085e6be38,0x0000000088180000)
 Metaspace       used 33724K, capacity 35408K, committed 35496K, reserved 1079296K
  class space    used 4524K, capacity 4859K, committed 4864K, reserved 1048576K
Event: 4.952 GC heap after
Heap after GC invocations=10 (full 1):
 PSYoungGen      total 173056K, used 14584K [0x00000000d7000000, 0x00000000e5d00000, 0x0000000100000000)
  eden space 158208K, 0% used [0x00000000d7000000,0x00000000d7000000,0x00000000e0a80000)
  from space 14848K, 98% used [0x00000000e0a80000,0x00000000e18be2f0,0x00000000e1900000)
  to   space 16896K, 0% used [0x00000000e4c80000,0x00000000e4c80000,0x00000000e5d00000)
 ParOldGen       total 50688K, used 16279K [0x0000000085000000, 0x0000000088180000, 0x00000000d7000000)
  object space 50688K, 32% used [0x0000000085000000,0x0000000085fe5ce8,0x0000000088180000)
 Metaspace       used 33724K, capacity 35408K, committed 35496K, reserved 1079296K
  class space    used 4524K, capacity 4859K, committed 4864K, reserved 1048576K
}
Event: 4.952 GC heap before
{Heap before GC invocations=11 (full 2):
 PSYoungGen      total 173056K, used 14584K [0x00000000d7000000, 0x00000000e5d00000, 0x0000000100000000)
  eden space 158208K, 0% used [0x00000000d7000000,0x00000000d7000000,0x00000000e0a80000)
  from space 14848K, 98% used [0x00000000e0a80000,0x00000000e18be2f0,0x00000000e1900000)
  to   space 16896K, 0% used [0x00000000e4c80000,0x00000000e4c80000,0x00000000e5d00000)
 ParOldGen       total 50688K, used 16279K [0x0000000085000000, 0x0000000088180000, 0x00000000d7000000)
  object space 50688K, 32% used [0x0000000085000000,0x0000000085fe5ce8,0x0000000088180000)
 Metaspace       used 33724K, capacity 35408K, committed 35496K, reserved 1079296K
  class space    used 4524K, capacity 4859K, committed 4864K, reserved 1048576K
Event: 5.056 GC heap after
Heap after GC invocations=11 (full 2):
 PSYoungGen      total 173056K, used 0K [0x00000000d7000000, 0x00000000e5d00000, 0x0000000100000000)
  eden space 158208K, 0% used [0x00000000d7000000,0x00000000d7000000,0x00000000e0a80000)
  from space 14848K, 0% used [0x00000000e0a80000,0x00000000e0a80000,0x00000000e1900000)
  to   space 16896K, 0% used [0x00000000e4c80000,0x00000000e4c80000,0x00000000e5d00000)
 ParOldGen       total 92160K, used 23610K [0x0000000085000000, 0x000000008aa00000, 0x00000000d7000000)
  object space 92160K, 25% used [0x0000000085000000,0x000000008670ea58,0x000000008aa00000)
 Metaspace       used 33724K, capacity 35408K, committed 35496K, reserved 1079296K
  class space    used 4524K, capacity 4859K, committed 4864K, reserved 1048576K
}
Event: 6.397 GC heap before
{Heap before GC invocations=12 (full 2):
 PSYoungGen      total 173056K, used 158208K [0x00000000d7000000, 0x00000000e5d00000, 0x0000000100000000)
  eden space 158208K, 100% used [0x00000000d7000000,0x00000000e0a80000,0x00000000e0a80000)
  from space 14848K, 0% used [0x00000000e0a80000,0x00000000e0a80000,0x00000000e1900000)
  to   space 16896K, 0% used [0x00000000e4c80000,0x00000000e4c80000,0x00000000e5d00000)
 ParOldGen       total 92160K, used 23610K [0x0000000085000000, 0x000000008aa00000, 0x00000000d7000000)
  object space 92160K, 25% used [0x0000000085000000,0x000000008670ea58,0x000000008aa00000)
 Metaspace       used 47573K, capacity 49438K, committed 49920K, reserved 1091584K
  class space    used 6674K, capacity 7048K, committed 7168K, reserved 1048576K
Event: 6.412 GC heap after
Heap after GC invocations=12 (full 2):
 PSYoungGen      total 219648K, used 16674K [0x00000000d7000000, 0x00000000e5d00000, 0x0000000100000000)
  eden space 202752K, 0% used [0x00000000d7000000,0x00000000d7000000,0x00000000e3600000)
  from space 16896K, 98% used [0x00000000e4c80000,0x00000000e5cc8bd8,0x00000000e5d00000)
  to   space 18944K, 0% used [0x00000000e3800000,0x00000000e3800000,0x00000000e4a80000)
 ParOldGen       total 92160K, used 23618K [0x0000000085000000, 0x000000008aa00000, 0x00000000d7000000)
  object space 92160K, 25% used [0x0000000085000000,0x0000000086710a58,0x000000008aa00000)
 Metaspace       used 47573K, capacity 49438K, committed 49920K, reserved 1091584K
  class space    used 6674K, capacity 7048K, committed 7168K, reserved 1048576K
}
Event: 7.457 GC heap before
{Heap before GC invocations=13 (full 2):
 PSYoungGen      total 219648K, used 219426K [0x00000000d7000000, 0x00000000e5d00000, 0x0000000100000000)
  eden space 202752K, 100% used [0x00000000d7000000,0x00000000e3600000,0x00000000e3600000)
  from space 16896K, 98% used [0x00000000e4c80000,0x00000000e5cc8bd8,0x00000000e5d00000)
  to   space 18944K, 0% used [0x00000000e3800000,0x00000000e3800000,0x00000000e4a80000)
 ParOldGen       total 92160K, used 23618K [0x0000000085000000, 0x000000008aa00000, 0x00000000d7000000)
  object space 92160K, 25% used [0x0000000085000000,0x0000000086710a58,0x000000008aa00000)
 Metaspace       used 53575K, capacity 56256K, committed 56576K, reserved 1097728K
  class space    used 7594K, capacity 8086K, committed 8192K, reserved 1048576K

