# JRE version: Java(TM) SE Runtime Environment (8.0_201-b09) (build 1.8.0_201-b09)
# Java VM: Java HotSpot(TM) 64-Bit Server VM (25.201-b09 mixed mode linux-amd64 compressed oops)
Heap:
 PSYoungGen      total 104448K, used 104099K [0x00000000d7000000, 0x00000000df880000, 0x0000000100000000)
  eden space 99840K, 100% used [0x00000000d7000000,0x00000000dd180000,0x00000000dd180000)
  from space 4608K, 92% used [0x00000000df400000,0x00000000df828dc8,0x00000000df880000)
  to   space 8192K, 99% used [0x00000000de880000,0x00000000df07c970,0x00000000df080000)
 ParOldGen       total 52224K, used 8225K [0x0000000085000000, 0x0000000088300000, 0x00000000d7000000)
  object space 52224K, 15% used [0x0000000085000000,0x0000000085808740,0x0000000088300000)
 Metaspace       used 26005K, capacity 26980K, committed 27136K, reserved 1073152K
  class space    used 3530K, capacity 3781K, committed 3840K, reserved 1048576K
GC Heap History (10 events):
Event: 1.035 GC heap after
Heap after GC invocations=3 (full 0):
 PSYoungGen      total 36864K, used 5088K [0x00000000d7000000, 0x00000000db800000, 0x0000000100000000)
  eden space 31744K, 0% used [0x00000000d7000000,0x00000000d7000000,0x00000000d8f00000)
  from space 5120K, 99% used [0x00000000d8f00000,0x00000000d93f8020,0x00000000d9400000)
  to   space 5120K, 0% used [0x00000000db300000,0x00000000db300000,0x00000000db800000)
 ParOldGen       total 84992K, used 975K [0x0000000085000000, 0x000000008a300000, 0x00000000d7000000)
  object space 84992K, 1% used [0x0000000085000000,0x00000000850f3d78,0x000000008a300000)
 Metaspace       used 15779K, capacity 16264K, committed 16384K, reserved 1062912K
  class space    used 2146K, capacity 2293K, committed 2304K, reserved 1048576K
}
Event: 1.192 GC heap before
{Heap before GC invocations=4 (full 0):
 PSYoungGen      total 36864K, used 36832K [0x00000000d7000000, 0x00000000db800000, 0x0000000100000000)
  eden space 31744K, 100% used [0x00000000d7000000,0x00000000d8f00000,0x00000000d8f00000)
  from space 5120K, 99% used [0x00000000d8f00000,0x00000000d93f8020,0x00000000d9400000)
  to   space 5120K, 0% used [0x00000000db300000,0x00000000db300000,0x00000000db800000)
 ParOldGen       total 84992K, used 975K [0x0000000085000000, 0x000000008a300000, 0x00000000d7000000)
  object space 84992K, 1% used [0x0000000085000000,0x00000000850f3d78,0x000000008a300000)
 Metaspace       used 18989K, capacity 19512K, committed 19712K, reserved 1067008K
  class space    used 2526K, capacity 2689K, committed 2816K, reserved 1048576K
Event: 1.203 GC heap after
Heap after GC invocations=4 (full 0):
 PSYoungGen      total 68608K, used 5113K [0x00000000d7000000, 0x00000000db800000, 0x0000000100000000)
  eden space 63488K, 0% used [0x00000000d7000000,0x00000000d7000000,0x00000000dae00000)
  from space 5120K, 99% used [0x00000000db300000,0x00000000db7fe6e8,0x00000000db800000)
  to   space 5120K, 0% used [0x00000000dae00000,0x00000000dae00000,0x00000000db300000)
 ParOldGen       total 84992K, used 3027K [0x0000000085000000, 0x000000008a300000, 0x00000000d7000000)
  object space 84992K, 3% used [0x0000000085000000,0x00000000852f4e68,0x000000008a300000)
 Metaspace       used 18989K, capacity 19512K, committed 19712K, reserved 1067008K
  class space    used 2526K, capacity 2689K, committed 2816K, reserved 1048576K
}
Event: 1.297 GC heap before
{Heap before GC invocations=5 (full 0):
 PSYoungGen      total 68608K, used 20077K [0x00000000d7000000, 0x00000000db800000, 0x0000000100000000)
  eden space 63488K, 23% used [0x00000000d7000000,0x00000000d7e9ce68,0x00000000dae00000)
  from space 5120K, 99% used [0x00000000db300000,0x00000000db7fe6e8,0x00000000db800000)
  to   space 5120K, 0% used [0x00000000dae00000,0x00000000dae00000,0x00000000db300000)
 ParOldGen       total 84992K, used 3027K [0x0000000085000000, 0x000000008a300000, 0x00000000d7000000)
  object space 84992K, 3% used [0x0000000085000000,0x00000000852f4e68,0x000000008a300000)
 Metaspace       used 20762K, capacity 21294K, committed 21296K, reserved 1067008K
  class space    used 2761K, capacity 2944K, committed 2944K, reserved 1048576K
Event: 1.305 GC heap after
Heap after GC invocations=5 (full 0):
 PSYoungGen      total 68608K, used 5089K [0x00000000d7000000, 0x00000000dfc00000, 0x0000000100000000)
  eden space 63488K, 0% used [0x00000000d7000000,0x00000000d7000000,0x00000000dae00000)
  from space 5120K, 99% used [0x00000000dae00000,0x00000000db2f87c8,0x00000000db300000)
  to   space 8192K, 0% used [0x00000000df400000,0x00000000df400000,0x00000000dfc00000)
 ParOldGen       total 84992K, used 4036K [0x0000000085000000, 0x000000008a300000, 0x00000000d7000000)
  object space 84992K, 4% used [0x0000000085000000,0x00000000853f1008,0x000000008a300000)
 Metaspace       used 20762K, capacity 21294K, committed 21296K, reserved 1067008K
  class space    used 2761K, capacity 2944K, committed 2944K, reserved 1048576K
}
Event: 1.305 GC heap before
{Heap before GC invocations=6 (full 1):
 PSYoungGen      total 68608K, used 5089K [0x00000000d7000000, 0x00000000dfc00000, 0x0000000100000000)
  eden space 63488K, 0% used [0x00000000d7000000,0x00000000d7000000,0x00000000dae00000)
  from space 5120K, 99% used [0x00000000dae00000,0x00000000db2f87c8,0x00000000db300000)
  to   space 8192K, 0% used [0x00000000df400000,0x00000000df400000,0x00000000dfc00000)
 ParOldGen       total 84992K, used 4036K [0x0000000085000000, 0x000000008a300000, 0x00000000d7000000)
  object space 84992K, 4% used [0x0000000085000000,0x00000000853f1008,0x000000008a300000)
 Metaspace       used 20762K, capacity 21294K, committed 21296K, reserved 1067008K
  class space    used 2761K, capacity 2944K, committed 2944K, reserved 1048576K
Event: 1.347 GC heap after
Heap after GC invocations=6 (full 1):
 PSYoungGen      total 68608K, used 0K [0x00000000d7000000, 0x00000000dfc00000, 0x0000000100000000)
  eden space 63488K, 0% used [0x00000000d7000000,0x00000000d7000000,0x00000000dae00000)
  from space 5120K, 0% used [0x00000000dae00000,0x00000000dae00000,0x00000000db300000)
  to   space 8192K, 0% used [0x00000000df400000,0x00000000df400000,0x00000000dfc00000)
 ParOldGen       total 52224K, used 5957K [0x0000000085000000, 0x0000000088300000, 0x00000000d7000000)
  object space 52224K, 11% used [0x0000000085000000,0x00000000855d1608,0x0000000088300000)
 Metaspace       used 20762K, capacity 21294K, committed 21296K, reserved 1067008K
  class space    used 2761K, capacity 2944K, committed 2944K, reserved 1048576K
}
Event: 1.678 GC heap before
{Heap before GC invocations=7 (full 1):
 PSYoungGen      total 68608K, used 63482K [0x00000000d7000000, 0x00000000dfc00000, 0x0000000100000000)
  eden space 63488K, 99% used [0x00000000d7000000,0x00000000dadfebf8,0x00000000dae00000)
  from space 5120K, 0% used [0x00000000dae00000,0x00000000dae00000,0x00000000db300000)
  to   space 8192K, 0% used [0x00000000df400000,0x00000000df400000,0x00000000dfc00000)
 ParOldGen       total 52224K, used 5957K [0x0000000085000000, 0x0000000088300000, 0x00000000d7000000)
  object space 52224K, 11% used [0x0000000085000000,0x00000000855d1608,0x0000000088300000)
 Metaspace       used 22432K, capacity 23164K, committed 23424K, reserved 1069056K
  class space    used 2983K, capacity 3189K, committed 3200K, reserved 1048576K
Event: 1.683 GC heap after
Heap after GC invocations=7 (full 1):
 PSYoungGen      total 104448K, used 4259K [0x00000000d7000000, 0x00000000df880000, 0x0000000100000000)
  eden space 99840K, 0% used [0x00000000d7000000,0x00000000d7000000,0x00000000dd180000)
  from space 4608K, 92% used [0x00000000df400000,0x00000000df828dc8,0x00000000df880000)
  to   space 8192K, 0% used [0x00000000de880000,0x00000000de880000,0x00000000df080000)
 ParOldGen       total 52224K, used 5965K [0x0000000085000000, 0x0000000088300000, 0x00000000d7000000)
  object space 52224K, 11% used [0x0000000085000000,0x00000000855d3608,0x0000000088300000)
 Metaspace       used 22432K, capacity 23164K, committed 23424K, reserved 1069056K
  class space    used 2983K, capacity 3189K, committed 3200K, reserved 1048576K
}
Event: 2.425 GC heap before
{Heap before GC invocations=8 (full 1):
 PSYoungGen      total 104448K, used 104099K [0x00000000d7000000, 0x00000000df880000, 0x0000000100000000)
  eden space 99840K, 100% used [0x00000000d7000000,0x00000000dd180000,0x00000000dd180000)
  from space 4608K, 92% used [0x00000000df400000,0x00000000df828dc8,0x00000000df880000)
  to   space 8192K, 0% used [0x00000000de880000,0x00000000de880000,0x00000000df080000)
 ParOldGen       total 52224K, used 5965K [0x0000000085000000, 0x0000000088300000, 0x00000000d7000000)
  object space 52224K, 11% used [0x0000000085000000,0x00000000855d3608,0x0000000088300000)
 Metaspace       used 26005K, capacity 26980K, committed 27136K, reserved 1073152K
  class space    used 3530K, capacity 3781K, committed 3840K, reserved 1048576K

